2025/02/23 18:06:14 Database connected successfully!
2025/02/23 18:08:39 Database connected successfully!
2025/02/23 18:18:00 Database connected successfully!
2025/02/23 18:18:06 Database connected successfully!
{"level":"info","msg":"Success koneksi db connected","time":"2025-02-23T18:28:10+07:00"}
{"level":"info","msg":"CreateNasabah{\"NoRekening\":\"\"}","time":"2025-02-23T18:28:23+07:00"}
{"level":"info","msg":"Success koneksi db connected","time":"2025-02-23T18:29:41+07:00"}
{"level":"info","msg":"CreateNasabah{\"NoRekening\":\"\"}","time":"2025-02-23T18:29:48+07:00"}
{"level":"info","msg":"Success koneksi db connected","time":"2025-02-23T18:32:45+07:00"}
{"level":"info","msg":"CreateNasabah{\"NoRekening\":\"\"}","time":"2025-02-23T18:33:05+07:00"}
{"level":"info","msg":"Success koneksi db connected","time":"2025-02-23T18:46:35+07:00"}
{"level":"info","msg":"\u0026{{0x140005aac40 -1 200} 0x140001a8000 0x14000232200 [] [0x10315b0a0] 0 /api/login 0x1400011cd00 0x1400000ce70 0x1400000ce88 {{0 0} 0 0 {{} 0} {{} 0}} map[]  [] map[] map[] 0}Login{\"no_hp\":\"081317767015\",\"password\":\"testing\"}","time":"2025-02-23T18:46:40+07:00"}
{"level":"info","msg":"Success koneksi db connected","time":"2025-02-23T18:49:33+07:00"}
{"level":"info","msg":"\u0026{{0x140001d2000 -1 200} 0x140001fe000 0x140001fa000 [] [0x1027f1270 0x1028930a0] 1 /api/login 0x14000134d00 0x140001121e0 0x140001121f8 {{0 0} 0 0 {{} 0} {{} 0}} map[request_id:1740311378050645000]  [] map[] map[] 0}Login{\"no_hp\":\"081317767015\",\"password\":\"testing\"}","time":"2025-02-23T18:49:39+07:00"}
{"fields.msg":"Request processed","fields.time":"2025-02-23T18:49:40+07:00","ip":"::1","latency":"2.729226208s","level":"info","method":"POST","msg":"","path":"/api/login","request_id":"1740311378050645000","status":200,"time":"2025-02-23T18:49:40+07:00"}
{"level":"info","msg":"Success koneksi db connected","time":"2025-02-23T18:50:22+07:00"}
{"level":"info","msg":"\u0026{{0x14000152380 -1 200} 0x140001d8140 0x1400023a400 [] [0x1013b9270 0x101393680 0x10145b0a0] 2 /api/login 0x14000124680 0x140000be510 0x140000be528 {{0 0} 0 0 {{} 0} {{} 0}} map[request_id:1740311426146572000]  [] map[] map[] 0}Login{\"no_hp\":\"081317767015\",\"password\":\"testing\"}","time":"2025-02-23T18:50:27+07:00"}
{"fields.msg":"Request processed","fields.time":"2025-02-23T18:50:28+07:00","ip":"::1","latency":"2.809585041s","level":"info","method":"POST","msg":"","path":"/api/login","request_id":"1740311426146572000","status":200,"time":"2025-02-23T18:50:28+07:00"}
{"level":"info","msg":"Success koneksi db connected","time":"2025-02-23T18:54:55+07:00"}
{"fields.msg":"Request processed","fields.time":"2025-02-23T18:55:02+07:00","ip":"::1","latency":"11.5µs","level":"info","message":"{\"no_hp\":\"081317767015\",\"password\":\"testing\"}","method":"POST","msg":"","path":"/api/login","request_id":"1740311702868874000","status":200,"time":"2025-02-23T18:55:02+07:00"}
{"fields.msg":"Request processed","fields.time":"2025-02-23T18:55:46+07:00","ip":"::1","latency":"47.077176166s","level":"info","method":"POST","msg":"","path":"/api/login","request_id":"1740311699526256000","status":200,"time":"2025-02-23T18:55:46+07:00"}
{"level":"info","msg":"Success koneksi db connected","time":"2025-02-23T20:40:33+07:00"}
{"fields.msg":"Request processed","fields.time":"2025-02-23T20:40:46+07:00","function":"NasabahController.Login","ip":"::1","latency":"11.833µs","level":"info","message":"{\"no_hp\":\"081317767015\",\"password\":\"testing\"}","method":"POST","msg":"","path":"/api/login","request_id":"1740318046037743000","status":200,"time":"2025-02-23T20:40:46+07:00"}
{"fields.msg":"Request processed","fields.time":"2025-02-23T20:41:09+07:00","ip":"::1","latency":"29.078126875s","level":"info","method":"POST","msg":"","path":"/api/login","request_id":"1740318040791491000","status":200,"time":"2025-02-23T20:41:09+07:00"}
{"level":"info","msg":"Success koneksi db connected","time":"2025-02-24T09:36:08+07:00"}
{"fields.msg":"Request processed","fields.time":"2025-02-24T09:38:18+07:00","function":"NasabahController.Login","ip":"::1","latency":"1.291µs","level":"info","message":"{\"nama\":\"imam hidayat\",\"nik\":\"9131172131\",\"no_hp\":\"081317767016\",\"password\":\"testing2\",\"nama_bank\":\"\"}","method":"POST","msg":"","path":"/api/daftar","request_id":"1740364698025919000","status":200,"time":"2025-02-24T09:38:18+07:00"}
{"fields.msg":"Request failed","fields.time":"2025-02-24T09:38:24+07:00","function":"NasabahController.CreateNasabah","ip":"::1","latency":"6.417µs","level":"error","message":"pq: duplicate key value violates unique constraint \"nasabah_id_bank_key\"","method":"POST","msg":"","path":"/api/daftar","request_id":"1740364704045540000","status":200,"time":"2025-02-24T09:38:24+07:00"}
{"fields.msg":"Request processed","fields.time":"2025-02-24T09:38:24+07:00","ip":"::1","latency":"6.021513291s","level":"info","method":"POST","msg":"","path":"/api/daftar","request_id":"1740364698025457000","status":400,"time":"2025-02-24T09:38:24+07:00"}
{"fields.msg":"Request processed","fields.time":"2025-02-24T09:38:27+07:00","function":"NasabahController.Login","ip":"::1","latency":"2.125µs","level":"info","message":"{\"nama\":\"imam hidayat\",\"nik\":\"9131172131\",\"no_hp\":\"081317767016\",\"password\":\"testing2\",\"nama_bank\":\"\"}","method":"POST","msg":"","path":"/api/daftar","request_id":"1740364707290115000","status":200,"time":"2025-02-24T09:38:27+07:00"}
{"fields.msg":"Request failed","fields.time":"2025-02-24T09:38:27+07:00","function":"NasabahController.CreateNasabah","ip":"::1","latency":"14.875µs","level":"error","message":"pq: duplicate key value violates unique constraint \"nasabah_id_bank_key\"","method":"POST","msg":"","path":"/api/daftar","request_id":"1740364707515141000","status":200,"time":"2025-02-24T09:38:27+07:00"}
{"fields.msg":"Request processed","fields.time":"2025-02-24T09:38:27+07:00","ip":"::1","latency":"225.573209ms","level":"info","method":"POST","msg":"","path":"/api/daftar","request_id":"1740364707290027000","status":400,"time":"2025-02-24T09:38:27+07:00"}
{"fields.msg":"Request processed","fields.time":"2025-02-24T09:38:31+07:00","function":"NasabahController.Login","ip":"::1","latency":"3.083µs","level":"info","message":"{\"nama\":\"imam hidayat\",\"nik\":\"9131172131\",\"no_hp\":\"081317767016\",\"password\":\"testing2\",\"nama_bank\":\"\"}","method":"POST","msg":"","path":"/api/daftar","request_id":"1740364711960204000","status":200,"time":"2025-02-24T09:38:31+07:00"}
{"fields.msg":"Request failed","fields.time":"2025-02-24T09:38:32+07:00","function":"NasabahController.CreateNasabah","ip":"::1","latency":"6.625µs","level":"error","message":"pq: duplicate key value violates unique constraint \"nasabah_id_bank_key\"","method":"POST","msg":"","path":"/api/daftar","request_id":"1740364712178507000","status":200,"time":"2025-02-24T09:38:32+07:00"}
{"fields.msg":"Request processed","fields.time":"2025-02-24T09:38:32+07:00","ip":"::1","latency":"218.969084ms","level":"info","method":"POST","msg":"","path":"/api/daftar","request_id":"1740364711959920000","status":400,"time":"2025-02-24T09:38:32+07:00"}
{"level":"info","msg":"Success koneksi db connected","time":"2025-02-24T09:38:37+07:00"}
{"fields.msg":"Request processed","fields.time":"2025-02-24T09:38:39+07:00","function":"NasabahController.Login","ip":"::1","latency":"2.75µs","level":"info","message":"{\"nama\":\"imam hidayat\",\"nik\":\"9131172131\",\"no_hp\":\"081317767016\",\"password\":\"testing2\",\"nama_bank\":\"\"}","method":"POST","msg":"","path":"/api/daftar","request_id":"1740364719932378000","status":200,"time":"2025-02-24T09:38:39+07:00"}
{"fields.msg":"Request failed","fields.time":"2025-02-24T09:39:18+07:00","function":"NasabahController.CreateNasabah","ip":"::1","latency":"26.792µs","level":"error","message":"pq: duplicate key value violates unique constraint \"nasabah_id_bank_key\"","method":"POST","msg":"","path":"/api/daftar","request_id":"1740364758700807000","status":200,"time":"2025-02-24T09:39:18+07:00"}
{"level":"info","msg":"Success koneksi db connected","time":"2025-02-24T09:40:05+07:00"}
{"fields.msg":"Request processed","fields.time":"2025-02-24T09:40:07+07:00","function":"NasabahController.Login","ip":"::1","latency":"3.708µs","level":"info","message":"{\"nama\":\"imam hidayat\",\"nik\":\"9131172131\",\"no_hp\":\"081317767016\",\"password\":\"testing2\",\"nama_bank\":\"\"}","method":"POST","msg":"","path":"/api/daftar","request_id":"1740364807637028000","status":200,"time":"2025-02-24T09:40:07+07:00"}
{"level":"info","msg":"Success koneksi db connected","time":"2025-02-24T09:41:55+07:00"}
{"fields.msg":"Request processed","fields.time":"2025-02-24T09:42:02+07:00","function":"NasabahController.Login","ip":"::1","latency":"2.916µs","level":"info","message":"{\"nama\":\"imam hidayat\",\"nik\":\"9131172131\",\"no_hp\":\"081317767016\",\"password\":\"testing2\",\"nama_bank\":\"\"}","method":"POST","msg":"","path":"/api/daftar","request_id":"1740364922727353000","status":200,"time":"2025-02-24T09:42:02+07:00"}
{"fields.msg":"Request failed","fields.time":"2025-02-24T09:42:13+07:00","function":"NasabahController.CreateNasabah","ip":"::1","latency":"10.167µs","level":"error","message":"pq: duplicate key value violates unique constraint \"nasabah_id_bank_key\"","method":"POST","msg":"","path":"/api/daftar","request_id":"1740364933586077000","status":200,"time":"2025-02-24T09:42:13+07:00"}
{"fields.msg":"Request processed","fields.time":"2025-02-24T09:42:15+07:00","ip":"::1","latency":"12.874204792s","level":"info","method":"POST","msg":"","path":"/api/daftar","request_id":"1740364922726112000","status":400,"time":"2025-02-24T09:42:15+07:00"}
{"fields.msg":"Request processed","fields.time":"2025-02-24T09:43:27+07:00","function":"NasabahController.Login","ip":"::1","latency":"2.083µs","level":"info","message":"{\"nama\":\"imam hidayat\",\"nik\":\"9131172131\",\"no_hp\":\"081317767016\",\"password\":\"testing2\",\"nama_bank\":\"\"}","method":"POST","msg":"","path":"/api/daftar","request_id":"1740365007829473000","status":200,"time":"2025-02-24T09:43:27+07:00"}
{"fields.msg":"Request failed","fields.time":"2025-02-24T09:44:21+07:00","function":"NasabahController.CreateNasabah","ip":"::1","latency":"80.416µs","level":"error","message":"pq: duplicate key value violates unique constraint \"nasabah_id_bank_key\"","method":"POST","msg":"","path":"/api/daftar","request_id":"1740365061322498000","status":200,"time":"2025-02-24T09:44:21+07:00"}
{"fields.msg":"Request processed","fields.time":"2025-02-24T09:44:21+07:00","function":"NasabahController.Login","ip":"::1","latency":"834ns","level":"info","message":"{\"nama\":\"imam hidayat\",\"nik\":\"9131172131\",\"no_hp\":\"081317767016\",\"password\":\"testing2\",\"nama_bank\":\"\"}","method":"POST","msg":"","path":"/api/daftar","request_id":"1740365061323180000","status":200,"time":"2025-02-24T09:44:21+07:00"}
{"fields.msg":"Request processed","fields.time":"2025-02-24T09:44:21+07:00","ip":"::1","latency":"53.493927666s","level":"info","method":"POST","msg":"","path":"/api/daftar","request_id":"1740365007829232000","status":400,"time":"2025-02-24T09:44:21+07:00"}
{"fields.msg":"Request failed","fields.time":"2025-02-24T09:45:49+07:00","function":"NasabahController.CreateNasabah","ip":"::1","latency":"55.209µs","level":"error","message":"pq: duplicate key value violates unique constraint \"nasabah_id_bank_key\"","method":"POST","msg":"","path":"/api/daftar","request_id":"1740365149645813000","status":200,"time":"2025-02-24T09:45:49+07:00"}
{"fields.msg":"Request processed","fields.time":"2025-02-24T09:45:49+07:00","function":"NasabahController.Login","ip":"::1","latency":"1.417µs","level":"info","message":"{\"nama\":\"imam hidayat\",\"nik\":\"9131172131\",\"no_hp\":\"081317767016\",\"password\":\"testing2\",\"nama_bank\":\"\"}","method":"POST","msg":"","path":"/api/daftar","request_id":"1740365149648283000","status":200,"time":"2025-02-24T09:45:49+07:00"}
{"fields.msg":"Request processed","fields.time":"2025-02-24T09:45:49+07:00","ip":"::1","latency":"1m28.326435s","level":"info","method":"POST","msg":"","path":"/api/daftar","request_id":"1740365061323053000","status":400,"time":"2025-02-24T09:45:49+07:00"}
{"fields.msg":"Request failed","fields.time":"2025-02-24T09:45:55+07:00","function":"NasabahController.CreateNasabah","ip":"::1","latency":"5.166µs","level":"error","message":"pq: duplicate key value violates unique constraint \"nasabah_id_bank_key\"","method":"POST","msg":"","path":"/api/daftar","request_id":"1740365155853104000","status":200,"time":"2025-02-24T09:45:55+07:00"}
{"fields.msg":"Request processed","fields.time":"2025-02-24T09:45:55+07:00","ip":"::1","latency":"6.205152125s","level":"info","method":"POST","msg":"","path":"/api/daftar","request_id":"1740365149648104000","status":400,"time":"2025-02-24T09:45:55+07:00"}
{"level":"info","msg":"Success koneksi db connected","time":"2025-02-24T09:45:56+07:00"}
{"fields.msg":"Request processed","fields.time":"2025-02-24T09:46:43+07:00","function":"NasabahController.Login","ip":"::1","latency":"2.083µs","level":"info","message":"{\"nama\":\"imam hidayat\",\"nik\":\"9131172131\",\"no_hp\":\"081317767016\",\"password\":\"testing2\",\"nama_bank\":\"\"}","method":"POST","msg":"","path":"/api/daftar","request_id":"1740365203667855000","status":200,"time":"2025-02-24T09:46:43+07:00"}
{"fields.msg":"Request failed","fields.time":"2025-02-24T09:47:09+07:00","function":"NasabahController.CreateNasabah","ip":"::1","latency":"28.125µs","level":"error","message":"pq: duplicate key value violates unique constraint \"nasabah_id_bank_key\"","method":"POST","msg":"","path":"/api/daftar","request_id":"1740365229740109000","status":200,"time":"2025-02-24T09:47:09+07:00"}
{"level":"info","msg":"Success koneksi db connected","time":"2025-02-24T09:47:10+07:00"}
{"level":"info","msg":"Success koneksi db connected","time":"2025-02-24T09:49:08+07:00"}
{"fields.msg":"Request processed","fields.time":"2025-02-24T09:49:11+07:00","function":"NasabahController.Login","ip":"::1","latency":"4.166µs","level":"info","message":"{\"nama\":\"imam hidayat\",\"nik\":\"9131172131\",\"no_hp\":\"081317767016\",\"password\":\"testing2\",\"nama_bank\":\"\"}","method":"POST","msg":"","path":"/api/daftar","request_id":"1740365351750067000","status":200,"time":"2025-02-24T09:49:11+07:00"}
{"fields.msg":"Request processed","fields.time":"2025-02-24T09:49:19+07:00","ip":"::1","latency":"7.464444458s","level":"info","method":"POST","msg":"","path":"/api/daftar","request_id":"1740365351749493000","status":200,"time":"2025-02-24T09:49:19+07:00"}
{"level":"info","msg":"Success koneksi db connected","time":"2025-02-24T09:49:20+07:00"}
{"level":"info","msg":"Success koneksi db connected","time":"2025-02-24T09:50:57+07:00"}
{"level":"info","msg":"Success koneksi db connected","time":"2025-02-24T09:55:21+07:00"}
{"fields.msg":"Request processed","fields.time":"2025-02-24T09:55:36+07:00","function":"NasabahController.Login","ip":"::1","latency":"2µs","level":"info","message":"{\"nama\":\"imam h\",\"nik\":\"913818111\",\"no_hp\":\"081317767017\",\"password\":\"testing1\",\"nama_bank\":\"\"}","method":"POST","msg":"","path":"/api/daftar","request_id":"1740365736713545000","status":200,"time":"2025-02-24T09:55:36+07:00"}
{"fields.msg":"Request processed","fields.time":"2025-02-24T09:55:41+07:00","ip":"::1","latency":"5.262881125s","level":"info","method":"POST","msg":"","path":"/api/daftar","request_id":"1740365736713124000","status":200,"time":"2025-02-24T09:55:41+07:00"}
{"fields.msg":"Request processed","fields.time":"2025-02-24T09:56:00+07:00","function":"NasabahController.Login","ip":"::1","latency":"13.875µs","level":"info","message":"{\"no_hp\":\"081317767017\",\"password\":\"testing1\"}","method":"POST","msg":"","path":"/api/login","request_id":"1740365760996550000","status":200,"time":"2025-02-24T09:56:00+07:00"}
{"fields.msg":"Request processed","fields.time":"2025-02-24T09:56:02+07:00","ip":"::1","latency":"5.384225167s","level":"info","method":"POST","msg":"","path":"/api/login","request_id":"1740365757468813000","status":200,"time":"2025-02-24T09:56:02+07:00"}
{"fields.msg":"Request processed","fields.time":"2025-02-24T09:57:25+07:00","ip":"::1","latency":"5.0755385s","level":"info","method":"POST","msg":"","path":"/api/nasabah/tabung","request_id":"1740365840178480000","status":200,"time":"2025-02-24T09:57:25+07:00"}
{"level":"info","msg":"CreateNasabah{\"NoRekening\":\"\"}","time":"2025-02-24T09:57:52+07:00"}
{"fields.msg":"Request processed","fields.time":"2025-02-24T09:57:53+07:00","ip":"::1","latency":"2.922988042s","level":"info","method":"GET","msg":"","path":"/api/nasabah/saldo/9885504489","request_id":"1740365870326747000","status":200,"time":"2025-02-24T09:57:53+07:00"}
{"fields.msg":"Request processed","fields.time":"2025-02-24T09:58:18+07:00","function":"nasabahUsecase.TarikSaldo","ip":"::1","latency":"3.5µs","level":"info","message":"saldo nasabah 100000.000000","method":"POST","msg":"","path":"/api/nasabah/tarik","request_id":"1740365898146060000","status":200,"time":"2025-02-24T09:58:18+07:00"}
{"fields.msg":"Request processed","fields.time":"2025-02-24T09:58:18+07:00","function":"nasabahUsecase.TarikSaldo","ip":"::1","latency":"2.375µs","level":"info","message":"nasabah tarik saldo sebesar 10000.000000","method":"POST","msg":"","path":"/api/nasabah/tarik","request_id":"1740365898147615000","status":200,"time":"2025-02-24T09:58:18+07:00"}
{"fields.msg":"Request processed","fields.time":"2025-02-24T09:58:18+07:00","ip":"::1","latency":"1.793042833s","level":"info","method":"POST","msg":"","path":"/api/nasabah/tarik","request_id":"1740365896500894000","status":200,"time":"2025-02-24T09:58:18+07:00"}
{"fields.msg":"Request processed","fields.time":"2025-02-24T09:58:34+07:00","function":"nasabahUsecase.TarikSaldo","ip":"::1","latency":"17.375µs","level":"info","message":"saldo nasabah 90000.000000","method":"POST","msg":"","path":"/api/nasabah/tarik","request_id":"1740365914551499000","status":200,"time":"2025-02-24T09:58:34+07:00"}
{"fields.msg":"Request processed","fields.time":"2025-02-24T09:58:34+07:00","function":"nasabahUsecase.TarikSaldo","ip":"::1","latency":"1.542µs","level":"info","message":"nasabah tarik saldo sebesar 40000.000000","method":"POST","msg":"","path":"/api/nasabah/tarik","request_id":"1740365914552805000","status":200,"time":"2025-02-24T09:58:34+07:00"}
{"fields.msg":"Request processed","fields.time":"2025-02-24T09:58:34+07:00","ip":"::1","latency":"1.843739833s","level":"info","method":"POST","msg":"","path":"/api/nasabah/tarik","request_id":"1740365912866470000","status":200,"time":"2025-02-24T09:58:34+07:00"}
{"level":"info","msg":"CreateNasabah{\"NoRekening\":\"\"}","time":"2025-02-24T09:58:43+07:00"}
{"fields.msg":"Request processed","fields.time":"2025-02-24T09:58:43+07:00","ip":"::1","latency":"2.744661208s","level":"info","method":"GET","msg":"","path":"/api/nasabah/saldo/9885504489","request_id":"1740365921066997000","status":200,"time":"2025-02-24T09:58:43+07:00"}
{"fields.msg":"Request failed","fields.time":"2025-02-24T09:58:57+07:00","function":"NasabahController.Tarik","ip":"::1","latency":"19.125µs","level":"error","message":"Saldo anda tidak cukup","method":"POST","msg":"","path":"/api/nasabah/tarik","request_id":"1740365937089570000","status":200,"time":"2025-02-24T09:58:57+07:00"}
{"fields.msg":"Request processed","fields.time":"2025-02-24T09:58:57+07:00","ip":"::1","latency":"1.81506775s","level":"info","method":"POST","msg":"","path":"/api/nasabah/tarik","request_id":"1740365935275153000","status":400,"time":"2025-02-24T09:58:57+07:00"}
